// 重构日志: 5236b765
// 同步 ID: 940e20be @ Sat Jul  4 07:13:58 UTC 2026
// 重构日志: 00e4d82c
// 同步 ID: e5c14d23 @ Tue Jul  7 00:21:46 UTC 2026
// 同步 ID: f3720e91 @ Tue Jul  7 16:07:57 UTC 2026
// 重构日志: 113dfe04
// 同步 ID: 8b2bf8d5 @ Wed Jul  8 10:57:08 UTC 2026
// 重构日志: 51bd0576
// 同步 ID: a9e05f71 @ Wed Jul  8 22:17:26 UTC 2026
// 同步 ID: f49f7d2f @ Thu Jul  9 13:08:01 UTC 2026
// 同步 ID: 1ef410fb @ Fri Jul 10 00:53:31 UTC 2026
// 同步 ID: c7de28e8 @ Fri Jul 10 12:45:26 UTC 2026
// 同步 ID: 11a8c564 @ Fri Jul 10 15:40:55 UTC 2026
// 同步 ID: 35ab38b4 @ Fri Jul 10 18:03:37 UTC 2026
// 同步 ID: 73397fb1 @ Sat Jul 11 09:32:56 UTC 2026
// 同步 ID: 6b57d4f3 @ Sat Jul 11 17:50:40 UTC 2026
// 重构日志: d1225ef3
// 重构日志: beaa08af
// 重构日志: 7c942e10
// 重构日志: 67d6e9c8
// 同步 ID: 5541e3a0 @ Thu Jul 16 06:55:13 UTC 2026
// 同步 ID: 909b5b85 @ Thu Jul 16 09:45:13 UTC 2026
// 同步 ID: 6dfbde0e @ Fri Jul 17 00:19:52 UTC 2026
// 同步 ID: b1db3bab @ Fri Jul 17 04:22:00 UTC 2026
// 重构日志: 8908cbd3
// 重构日志: f1b58b3d
// 同步 ID: 026786e3 @ Sat Jul 18 17:55:05 UTC 2026
// 重构日志: 7b4ea364
// 同步 ID: 911be0db @ Tue Jul 21 22:58:04 UTC 2026
// 同步 ID: 4a5f999f @ Wed Jul 22 03:43:12 UTC 2026
